make all --print-data-base --no-builtin-variables --no-builtin-rules --question
make: *** No rule to make target 'all'.  Stop.

# GNU Make 4.3
# Built for x86_64-pc-linux-gnu
# Copyright (C) 1988-2020 Free Software Foundation, Inc.
# License GPLv3+: GNU GPL version 3 or later <http://gnu.org/licenses/gpl.html>
# This is free software: you are free to change and redistribute it.
# There is NO WARRANTY, to the extent permitted by law.

# Make data base, printed on Thu Jul 14 09:47:43 2022

# Variables

# environment
GDK_BACKEND = x11
# environment
LC_ALL = C
# environment
NO_AT_BRIDGE = 1
# environment
I3SOCK = /run/user/1000/sway-ipc.1000.930.sock
# environment
VSCODE_IPC_HOOK_EXTHOST = /run/user/1000/vscode-ipc-eb8eaa72-098a-4fa7-aa63-fc97f35fa8d2.sock
# environment
VSCODE_CWD = /home/michael
# environment
SWAYSOCK = /run/user/1000/sway-ipc.1000.930.sock
# environment
GDM_LANG = en_US.UTF-8
# default
MAKE_COMMAND := make
# automatic
@D = $(patsubst %/,%,$(dir $@))
# environment
VSCODE_HANDLES_UNCAUGHT_ERRORS = true
# default
.VARIABLES := 
# environment
PWD = /home/michael/.dotfiles
# automatic
%D = $(patsubst %/,%,$(dir $%))
# environment
MAIL = /var/spool/mail/michael
# environment
XDG_DATA_DIRS = /home/michael/.local/share/flatpak/exports/share:/var/lib/flatpak/exports/share:/usr/local/share/:/usr/share/
# automatic
^D = $(patsubst %/,%,$(dir $^))
# environment
VSCODE_LOG_STACK = false
# automatic
%F = $(notdir $%)
# environment
VSCODE_CODE_CACHE_PATH = /home/michael/.config/Code/CachedData/30d9c6cd9483b2cc586687151bcbcd635f373630
# environment
LANG = C
# default
.LOADED := 
# default
.INCLUDE_DIRS = /usr/include /usr/local/include /usr/include
# makefile
MAKEFLAGS = pqrR
# environment
PLASMA_USE_QT_SCALING = 1
# makefile
CURDIR := /home/michael/.dotfiles
# environment
VSCODE_PIPE_LOGGING = true
# environment
APPLICATION_INSIGHTS_NO_DIAGNOSTIC_CHANNEL = 1
# automatic
*D = $(patsubst %/,%,$(dir $*))
# environment
MFLAGS = -pqrR
# default
.SHELLFLAGS := -c
# environment
WAYLAND_DISPLAY = wayland-1
# automatic
+D = $(patsubst %/,%,$(dir $+))
# environment
ZDOTDIR = /home/michael/.config/zsh
# environment
XDG_SESSION_DESKTOP = sway
# makefile
MAKEFILE_LIST := 
# automatic
@F = $(notdir $@)
# environment
VSCODE_VERBOSE_LOGGING = true
# environment
VSCODE_PID = 1186
# environment
MOZ_ENABLE_WAYLAND = 1
# environment
XDG_SESSION_TYPE = wayland
# automatic
?D = $(patsubst %/,%,$(dir $?))
# environment
CLUTTER_BACKEND = gdk
# automatic
*F = $(notdir $*)
# environment
QT_QPA_PLATFORMTHEME = qt5ct
# environment
CHROME_DESKTOP = code-url-handler.desktop
# environment
DBUS_SESSION_BUS_ADDRESS = unix:path=/run/user/1000/bus
# automatic
<D = $(patsubst %/,%,$(dir $<))
# environment
VSCODE_NLS_CONFIG = {"locale":"en-us","availableLanguages":{},"_languagePackSupport":true}
# default
MAKE_HOST := x86_64-pc-linux-gnu
# makefile
SHELL = /bin/sh
# environment
MOZ_NO_REMOTE = 1
# default
MAKECMDGOALS := all
# environment
XMODIFIERS = @im=ibus
# environment
SHLVL = 2
# environment
MAKELEVEL := 0
# default
MAKE = $(MAKE_COMMAND)
# environment
PATH = /usr/local/bin:/usr/bin
# default
MAKEFILES := 
# environment
MOTD_SHOWN = pam
# automatic
^F = $(notdir $^)
# environment
_JAVA_AWT_WM_NONREPARENTING = 1
# environment
VSCODE_LOG_NATIVE = false
# environment
USERNAME = michael
# automatic
?F = $(notdir $?)
# environment
XDG_SEAT = seat0
# environment
GTK_IM_MODULE = ibus:xim
# automatic
+F = $(notdir $+)
# environment
DESKTOP_SESSION = sway
# environment
ORIGINAL_XDG_CURRENT_DESKTOP = undefined
# 'override' directive
GNUMAKEFLAGS := 
# environment
LOGNAME = michael
# environment
GIO_LAUNCHED_DESKTOP_FILE = /usr/share//applications/visual-studio-code.desktop
# environment
XDG_VTNR = 2
# makefile
.DEFAULT_GOAL := 
# environment
SYSTEMD_EXEC_PID = 911
# environment
DISPLAY = :0
# environment
USER = michael
# default
MAKE_VERSION := 4.3
# environment
GIO_LAUNCHED_DESKTOP_FILE_PID = 1167
# environment
_ = /usr/bin/make
# environment
XDG_RUNTIME_DIR = /run/user/1000
# environment
XDG_SESSION_CLASS = user
# environment
VSCODE_AMD_ENTRYPOINT = vs/workbench/api/node/extensionHostProcess
# environment
HOME = /home/michael
# environment
QT_IM_MODULE = ibus
# environment
ELECTRON_RUN_AS_NODE = 1
# environment
VSCODE_IPC_HOOK = /run/user/1000/vscode-4bd55b1a-1.68.1-main.sock
# environment
XDG_SESSION_ID = 3
# environment
XCURSOR_SIZE = 24
# default
.RECIPEPREFIX := 
# automatic
<F = $(notdir $<)
# default
SUFFIXES := 
# environment
VSCODE_CLI = 1
# environment
ELECTRON_NO_ATTACH_CONSOLE = 1
# default
.FEATURES := target-specific order-only second-expansion else-if shortest-stem undefine oneshell nocomment grouped-target extra-prereqs archives jobserver output-sync check-symlink guile load
# environment
MOZ_DBUS_REMOTE = 1
# environment
GDMSESSION = sway
# variable set hash-table stats:
# Load=98/1024=10%, Rehash=0, Collisions=3/125=2%

# Pattern-specific Variable Values

# No pattern-specific variable values.

# Directories

# . (device 26, inode 1275011): 29 files, no impossibilities.

# 29 files, no impossibilities in 1 directories.

# Implicit Rules

# No implicit rules.

# Files

# Not a target:
Makefile:
#  Implicit rule search has been done.
#  File does not exist.
#  File has been updated.
#  Failed to be updated.

# Not a target:
.DEFAULT:
#  Implicit rule search has not been done.
#  Modification time never checked.
#  File has not been updated.

# Not a target:
all:
#  Command line target.
#  Implicit rule search has been done.
#  File does not exist.
#  File has not been updated.

# Not a target:
makefile:
#  Implicit rule search has been done.
#  File does not exist.
#  File has been updated.
#  Failed to be updated.

# Not a target:
GNUmakefile:
#  Implicit rule search has been done.
#  File does not exist.
#  File has been updated.
#  Failed to be updated.

# files hash-table stats:
# Load=6/1024=1%, Rehash=0, Collisions=0/15=0%
# VPATH Search Paths

# No 'vpath' search paths.

# No general ('VPATH' variable) search path.

# strcache buffers: 1 (0) / strings = 37 / storage = 311 B / avg = 8 B
# current buf: size = 8162 B / used = 311 B / count = 37 / avg = 8 B

# strcache performance: lookups = 40 / hit rate = 7%
# hash-table stats:
# Load=37/8192=0%, Rehash=0, Collisions=0/40=0%
# Finished Make data base on Thu Jul 14 09:47:43 2022

 
